  CoreLoop.cpp
  CreditsLoop.cpp
  Bullets.cpp
  Explorer.cpp
  GameLoop.cpp
  Main.cpp
  UFO.cpp
  MenuLoop.cpp
  Obstacles.cpp
  Generando código
  Previous IPDB not found, fall back to full compilation.
  All 44 functions were compiled because no usable IPDB/IOBJ from previous compilation was found.
  Generación de código finalizada
raylib.lib(rcore.obj) : warning LNK4099: no se encontró PDB 'raylib.pdb' con 'raylib.lib(rcore.obj)' o en 'D:\Users\ianco\Desktop\Image\2022\2do cuatri\Desarrollo1\Mars-X\bin\Win32\Release\raylib.pdb'; se vinculará el objeto sin tener en cuenta información de depuración
raylib.lib(rglfw.obj) : warning LNK4099: no se encontró PDB 'raylib.pdb' con 'raylib.lib(rglfw.obj)' o en 'D:\Users\ianco\Desktop\Image\2022\2do cuatri\Desarrollo1\Mars-X\bin\Win32\Release\raylib.pdb'; se vinculará el objeto sin tener en cuenta información de depuración
raylib.lib(rshapes.obj) : warning LNK4099: no se encontró PDB 'raylib.pdb' con 'raylib.lib(rshapes.obj)' o en 'D:\Users\ianco\Desktop\Image\2022\2do cuatri\Desarrollo1\Mars-X\bin\Win32\Release\raylib.pdb'; se vinculará el objeto sin tener en cuenta información de depuración
raylib.lib(rtext.obj) : warning LNK4099: no se encontró PDB 'raylib.pdb' con 'raylib.lib(rtext.obj)' o en 'D:\Users\ianco\Desktop\Image\2022\2do cuatri\Desarrollo1\Mars-X\bin\Win32\Release\raylib.pdb'; se vinculará el objeto sin tener en cuenta información de depuración
raylib.lib(rtextures.obj) : warning LNK4099: no se encontró PDB 'raylib.pdb' con 'raylib.lib(rtextures.obj)' o en 'D:\Users\ianco\Desktop\Image\2022\2do cuatri\Desarrollo1\Mars-X\bin\Win32\Release\raylib.pdb'; se vinculará el objeto sin tener en cuenta información de depuración
raylib.lib(utils.obj) : warning LNK4099: no se encontró PDB 'raylib.pdb' con 'raylib.lib(utils.obj)' o en 'D:\Users\ianco\Desktop\Image\2022\2do cuatri\Desarrollo1\Mars-X\bin\Win32\Release\raylib.pdb'; se vinculará el objeto sin tener en cuenta información de depuración
  Mars X.vcxproj -> D:\Users\ianco\Desktop\Image\2022\2do cuatri\Desarrollo1\Mars-X\bin\Win32\Release\Mars X.exe
  El sistema no puede encontrar la ruta especificada.
  D:\Users\ianco\Desktop\Image\2022\2do cuatri\Desarrollo1\Mars-X\lib\raylib.dll
  D:\Users\ianco\Desktop\Image\2022\2do cuatri\Desarrollo1\Mars-X\lib\raylib.lib
  D:\Users\ianco\Desktop\Image\2022\2do cuatri\Desarrollo1\Mars-X\lib\raylibdll.lib
  3 archivo(s) copiado(s)
  assets\background.png
  assets\button.png
  assets\Floor.png
  assets\menuBackground.png
  assets\obstacle.png
  assets\Parallax 1.png
  assets\parallax 2.png
  assets\parallax 3.png
  assets\player.png
  assets\ufo.png
  10 archivo(s) copiado(s)
